Change Component Designator: OldDesignator=C5 NewDesignator=C7
Added Component: Designator=C5(JP4-C1T)
Add component. Clean all parameters for all variants
Add component (AddParameter): Name = "ComponentLink1 Description"; Value = "Manufacturer"; VariantName = "[No Variations]"
Add component (AddParameter): Name = "ComponentLink1URL"; Value = "http://www.we-online.com"; VariantName = "[No Variations]"
Add component (AddParameter): Name = "ComponentLink2 Description"; Value = "Datasheet"; VariantName = "[No Variations]"
Add component (AddParameter): Name = "ComponentLink2URL"; Value = "http://katalog.we-online.de/em/datasheet/6130xx143121.pdf"; VariantName = "[No Variations]"
Add component (AddParameter): Name = "Created by"; Value = "Karrer Zheng"; VariantName = "[No Variations]"
Add component (AddParameter): Name = "Created Date"; Value = "29 March 2013"; VariantName = "[No Variations]"
Add component (AddParameter): Name = "Manufacturer"; Value = "W¨¹rth Elektronik eiSos GmbH"; VariantName = "[No Variations]"
Add component (AddParameter): Name = "NoPins"; Value = "04"; VariantName = "[No Variations]"
Add component (AddParameter): Name = "partNo"; Value = "613004143121"; VariantName = "[No Variations]"
Added Component: Designator=C6(JP2-C2T)
Add component. Clean all parameters for all variants
Add component (AddParameter): Name = "ComponentLink1 Description"; Value = "Manufacturer"; VariantName = "[No Variations]"
Add component (AddParameter): Name = "ComponentLink1URL"; Value = "http://www.we-online.com"; VariantName = "[No Variations]"
Add component (AddParameter): Name = "ComponentLink2 Description"; Value = "Datasheet"; VariantName = "[No Variations]"
Add component (AddParameter): Name = "ComponentLink2URL"; Value = "http://katalog.we-online.de/em/datasheet/6130xx21821.pdf"; VariantName = "[No Variations]"
Add component (AddParameter): Name = "Created by"; Value = "Karrer Zheng"; VariantName = "[No Variations]"
Add component (AddParameter): Name = "Created Date"; Value = "29 March 2013"; VariantName = "[No Variations]"
Add component (AddParameter): Name = "Manufacturer"; Value = "W¨¹rth Elektronik eiSos GmbH"; VariantName = "[No Variations]"
Add component (AddParameter): Name = "NoPins"; Value = "04"; VariantName = "[No Variations]"
Add component (AddParameter): Name = "partNo"; Value = "61300421821"; VariantName = "[No Variations]"
Added Pin To Net: NetName=GND Pin=C5-3
Added Pin To Net: NetName=3V3 Pin=C5-4
Change Net Name : Old Net Name=NetC5_1 New Net Name=NetC7_1
Change Net Name : Old Net Name=NetC5_2 New Net Name=NetC7_2
Change Net Name : Old Net Name=NetC5_3 New Net Name=NetC7_3
Change Net Name : Old Net Name=NetC5_4 New Net Name=NetC7_4
Change Net Name : Old Net Name=NetC5_5 New Net Name=NetC7_5
Change Net Name : Old Net Name=NetC5_6 New Net Name=NetC7_6
Change Net Name : Old Net Name=NetC5_7 New Net Name=NetC7_7
Change Net Name : Old Net Name=NetC5_8 New Net Name=NetC7_8
Added Pin To Net: NetName=ARDUINO_RX Pin=C6-3
Added Pin To Net: NetName=ARDUINO_RX Pin=U2-0-RX
Added Net: Name=ARDUINO_RX
Added Pin To Net: NetName=ARDUINO_TX Pin=C6-1
Added Pin To Net: NetName=ARDUINO_TX Pin=U2-1-TX
Added Net: Name=ARDUINO_TX
Added Pin To Net: NetName=NetC5_1 Pin=C5-1
Added Pin To Net: NetName=NetC5_1 Pin=C6-4
Added Net: Name=NetC5_1
Added Pin To Net: NetName=NetC5_2 Pin=C5-2
Added Pin To Net: NetName=NetC5_2 Pin=C6-2
Added Net: Name=NetC5_2
Added Member To Class: ClassName=PhatNRF_MatrixKey Member=Component C6 JP2x2
Added Member To Class: ClassName=PhatNRF_MatrixKey Member=Component C7 JP8
Added Room: Name=PhatNRF_MatrixKey
